<?xml version="1.0" encoding="UTF-8"?>
<testng-results ignored="0" total="1" passed="1" failed="0" skipped="0">
  <reporter-output>
  </reporter-output>
  <suite started-at="2020-02-13T15:12:17 EST" name="Default suite" finished-at="2020-02-13T15:12:17 EST" duration-ms="56">
    <groups>
    </groups>
    <test started-at="2020-02-13T15:12:17 EST" name="Default test" finished-at="2020-02-13T15:12:17 EST" duration-ms="56">
      <class name="testcases.TC_005_TotalResult">
        <test-method signature="readJson()[pri:0, instance:testcases.TC_005_TotalResult@3d121db3]" started-at="2020-02-13T15:12:17 EST" name="readJson" finished-at="2020-02-13T15:12:17 EST" duration-ms="18" status="PASS">
          <reporter-output>
          </reporter-output>
        </test-method> <!-- readJson -->
      </class> <!-- testcases.TC_005_TotalResult -->
    </test> <!-- Default test -->
  </suite> <!-- Default suite -->
</testng-results>
